{"uid":"1b1a306d9f2bf05a","name":"Test that will definitely fail","fullName":"tests.test_demo_statuses.TestDemoStatuses#test_fail_example","historyId":"d6577c55f2c2b665f8fdf0b0dfb8cb76","time":{"start":1751329316757,"stop":1751329316761,"duration":4},"description":"Тест который обязательно упадет","descriptionHtml":"<p>Тест который обязательно упадет</p>\n","status":"failed","statusMessage":"AssertionError: Deliberately failing test for demo purposes\nassert 200 == 500\n +  where 200 = <Response [200]>.status_code","statusTrace":"tests/test_demo_statuses.py:59: in test_fail_example\n    assert (\nE   AssertionError: Deliberately failing test for demo purposes\nE   assert 200 == 500\nE    +  where 200 = <Response [200]>.status_code","flaky":false,"newFailed":false,"newBroken":false,"newPassed":false,"retriesCount":0,"retriesStatusChange":false,"beforeStages":[{"name":"environment","time":{"start":1751329313016,"stop":1751329313016,"duration":0},"status":"passed","steps":[],"attachments":[],"parameters":[],"shouldDisplayMessage":false,"stepsCount":0,"attachmentsCount":0,"hasContent":false,"attachmentStep":false},{"name":"allure_environment","time":{"start":1751329313017,"stop":1751329313017,"duration":0},"status":"passed","steps":[],"attachments":[],"parameters":[],"shouldDisplayMessage":false,"stepsCount":0,"attachmentsCount":0,"hasContent":false,"attachmentStep":false},{"name":"health_check","time":{"start":1751329313017,"stop":1751329313027,"duration":10},"status":"passed","steps":[],"attachments":[{"uid":"fcc70a5a78a5fb75","name":"Pre-test Health Check","source":"fcc70a5a78a5fb75.txt","type":"text/plain","size":50}],"parameters":[],"shouldDisplayMessage":false,"stepsCount":0,"attachmentsCount":1,"hasContent":true,"attachmentStep":false},{"name":"api_client","time":{"start":1751329316757,"stop":1751329316757,"duration":0},"status":"passed","steps":[],"attachments":[],"parameters":[],"shouldDisplayMessage":false,"stepsCount":0,"attachmentsCount":0,"hasContent":false,"attachmentStep":false},{"name":"load_env","time":{"start":1751329316757,"stop":1751329316757,"duration":0},"status":"passed","steps":[],"attachments":[],"parameters":[],"shouldDisplayMessage":false,"stepsCount":0,"attachmentsCount":0,"hasContent":false,"attachmentStep":false}],"testStage":{"description":"Тест который обязательно упадет","status":"failed","statusMessage":"AssertionError: Deliberately failing test for demo purposes\nassert 200 == 500\n +  where 200 = <Response [200]>.status_code","statusTrace":"tests/test_demo_statuses.py:59: in test_fail_example\n    assert (\nE   AssertionError: Deliberately failing test for demo purposes\nE   assert 200 == 500\nE    +  where 200 = <Response [200]>.status_code","steps":[],"attachments":[{"uid":"d58d459be6c999d5","name":"Test Failure: test_fail_example","source":"d58d459be6c999d5.txt","type":"text/plain","size":200},{"uid":"461c480dec220aed","name":"Test Metadata","source":"461c480dec220aed.txt","type":"text/plain","size":79}],"parameters":[],"shouldDisplayMessage":true,"stepsCount":0,"attachmentsCount":2,"hasContent":true,"attachmentStep":false},"afterStages":[],"labels":[{"name":"feature","value":"Demo Test Statuses"},{"name":"parentSuite","value":"tests"},{"name":"suite","value":"test_demo_statuses"},{"name":"subSuite","value":"TestDemoStatuses"},{"name":"host","value":"fv-az1374-568"},{"name":"thread","value":"2609-MainThread"},{"name":"framework","value":"pytest"},{"name":"language","value":"cpython3"},{"name":"package","value":"tests.test_demo_statuses"},{"name":"resultFormat","value":"allure2"}],"parameters":[],"links":[],"hidden":false,"retry":false,"extra":{"severity":"normal","retries":[],"categories":[{"name":"Product defects","matchedStatuses":[],"flaky":false}],"history":{"statistic":{"failed":3,"broken":0,"skipped":0,"passed":0,"unknown":0,"total":3},"items":[{"uid":"edee0e15fcb5dfbe","status":"failed","statusDetails":"AssertionError: Deliberately failing test for demo purposes\nassert 200 == 500\n +  where 200 = <Response [200]>.status_code","time":{"start":1751328658937,"stop":1751328658941,"duration":4}},{"uid":"fec2b899637b93a4","status":"failed","statusDetails":"AssertionError: Deliberately failing test for demo purposes\nassert 200 == 500\n +  where 200 = <Response [200]>.status_code","time":{"start":1750720523322,"stop":1750720523326,"duration":4}}]},"tags":[]},"source":"1b1a306d9f2bf05a.json","parameterValues":[]}