{"uid":"2b9ef9f29f69f663","name":"Test that will definitely fail","fullName":"tests.test_demo_statuses.TestDemoStatuses#test_fail_example","historyId":"d6577c55f2c2b665f8fdf0b0dfb8cb76","time":{"start":1750720503546,"stop":1750720503550,"duration":4},"description":"Тест который обязательно упадет","descriptionHtml":"<p>Тест который обязательно упадет</p>\n","status":"failed","statusMessage":"AssertionError: Deliberately failing test for demo purposes\nassert 200 == 500\n +  where 200 = <Response [200]>.status_code","statusTrace":"tests/test_demo_statuses.py:42: in test_fail_example\n    assert (\nE   AssertionError: Deliberately failing test for demo purposes\nE   assert 200 == 500\nE    +  where 200 = <Response [200]>.status_code","flaky":false,"newFailed":false,"newBroken":false,"newPassed":false,"retriesCount":0,"retriesStatusChange":false,"beforeStages":[{"name":"allure_environment","time":{"start":1750720499606,"stop":1750720499607,"duration":1},"status":"passed","steps":[],"attachments":[],"parameters":[],"shouldDisplayMessage":false,"stepsCount":0,"attachmentsCount":0,"hasContent":false,"attachmentStep":false},{"name":"environment","time":{"start":1750720499606,"stop":1750720499606,"duration":0},"status":"passed","steps":[],"attachments":[],"parameters":[],"shouldDisplayMessage":false,"stepsCount":0,"attachmentsCount":0,"hasContent":false,"attachmentStep":false},{"name":"health_check","time":{"start":1750720499607,"stop":1750720499668,"duration":61},"status":"passed","steps":[],"attachments":[{"uid":"4a04dda2d303f9c7","name":"Pre-test Health Check","source":"4a04dda2d303f9c7.txt","type":"text/plain","size":50}],"parameters":[],"shouldDisplayMessage":false,"stepsCount":0,"attachmentsCount":1,"hasContent":true,"attachmentStep":false},{"name":"load_env","time":{"start":1750720503546,"stop":1750720503546,"duration":0},"status":"passed","steps":[],"attachments":[],"parameters":[],"shouldDisplayMessage":false,"stepsCount":0,"attachmentsCount":0,"hasContent":false,"attachmentStep":false},{"name":"api_client","time":{"start":1750720503546,"stop":1750720503546,"duration":0},"status":"passed","steps":[],"attachments":[],"parameters":[],"shouldDisplayMessage":false,"stepsCount":0,"attachmentsCount":0,"hasContent":false,"attachmentStep":false}],"testStage":{"description":"Тест который обязательно упадет","status":"failed","statusMessage":"AssertionError: Deliberately failing test for demo purposes\nassert 200 == 500\n +  where 200 = <Response [200]>.status_code","statusTrace":"tests/test_demo_statuses.py:42: in test_fail_example\n    assert (\nE   AssertionError: Deliberately failing test for demo purposes\nE   assert 200 == 500\nE    +  where 200 = <Response [200]>.status_code","steps":[],"attachments":[{"uid":"3d23bf887fb31f5a","name":"Test Failure: test_fail_example","source":"3d23bf887fb31f5a.txt","type":"text/plain","size":200},{"uid":"fad5f3a1f79e0a25","name":"Test Metadata","source":"fad5f3a1f79e0a25.txt","type":"text/plain","size":79}],"parameters":[],"shouldDisplayMessage":true,"stepsCount":0,"attachmentsCount":2,"hasContent":true,"attachmentStep":false},"afterStages":[],"labels":[{"name":"feature","value":"Demo Test Statuses"},{"name":"parentSuite","value":"tests"},{"name":"suite","value":"test_demo_statuses"},{"name":"subSuite","value":"TestDemoStatuses"},{"name":"host","value":"fv-az1719-212"},{"name":"thread","value":"2625-MainThread"},{"name":"framework","value":"pytest"},{"name":"language","value":"cpython3"},{"name":"package","value":"tests.test_demo_statuses"},{"name":"resultFormat","value":"allure2"}],"parameters":[],"links":[],"hidden":false,"retry":false,"extra":{"severity":"normal","retries":[],"categories":[{"name":"Product defects","matchedStatuses":[],"flaky":false}],"tags":[]},"source":"2b9ef9f29f69f663.json","parameterValues":[]}