{"uid":"5718cc5175c1281c","name":"Test that will definitely fail","fullName":"tests.test_demo_statuses.TestDemoStatuses#test_fail_example","historyId":"d6577c55f2c2b665f8fdf0b0dfb8cb76","time":{"start":1752453182636,"stop":1752453182640,"duration":4},"description":"Тест который обязательно упадет","descriptionHtml":"<p>Тест который обязательно упадет</p>\n","status":"failed","statusMessage":"AssertionError: Deliberately failing test for demo purposes\nassert 200 == 500\n +  where 200 = <Response [200]>.status_code","statusTrace":"tests/test_demo_statuses.py:59: in test_fail_example\n    assert (\nE   AssertionError: Deliberately failing test for demo purposes\nE   assert 200 == 500\nE    +  where 200 = <Response [200]>.status_code","flaky":false,"newFailed":false,"newBroken":false,"newPassed":false,"retriesCount":0,"retriesStatusChange":false,"beforeStages":[{"name":"allure_environment","time":{"start":1752453178679,"stop":1752453178679,"duration":0},"status":"passed","steps":[],"attachments":[],"parameters":[],"shouldDisplayMessage":false,"stepsCount":0,"attachmentsCount":0,"hasContent":false,"attachmentStep":false},{"name":"environment","time":{"start":1752453178679,"stop":1752453178679,"duration":0},"status":"passed","steps":[],"attachments":[],"parameters":[],"shouldDisplayMessage":false,"stepsCount":0,"attachmentsCount":0,"hasContent":false,"attachmentStep":false},{"name":"health_check","time":{"start":1752453178679,"stop":1752453178718,"duration":39},"status":"passed","steps":[],"attachments":[{"uid":"c02b53c992461c4b","name":"Pre-test Health Check","source":"c02b53c992461c4b.txt","type":"text/plain","size":50}],"parameters":[],"shouldDisplayMessage":false,"stepsCount":0,"attachmentsCount":1,"hasContent":true,"attachmentStep":false},{"name":"load_env","time":{"start":1752453182635,"stop":1752453182635,"duration":0},"status":"passed","steps":[],"attachments":[],"parameters":[],"shouldDisplayMessage":false,"stepsCount":0,"attachmentsCount":0,"hasContent":false,"attachmentStep":false},{"name":"api_client","time":{"start":1752453182635,"stop":1752453182635,"duration":0},"status":"passed","steps":[],"attachments":[],"parameters":[],"shouldDisplayMessage":false,"stepsCount":0,"attachmentsCount":0,"hasContent":false,"attachmentStep":false}],"testStage":{"description":"Тест который обязательно упадет","status":"failed","statusMessage":"AssertionError: Deliberately failing test for demo purposes\nassert 200 == 500\n +  where 200 = <Response [200]>.status_code","statusTrace":"tests/test_demo_statuses.py:59: in test_fail_example\n    assert (\nE   AssertionError: Deliberately failing test for demo purposes\nE   assert 200 == 500\nE    +  where 200 = <Response [200]>.status_code","steps":[],"attachments":[{"uid":"a622f45f2b76a43d","name":"Test Failure: test_fail_example","source":"a622f45f2b76a43d.txt","type":"text/plain","size":200},{"uid":"80b615f4388e2358","name":"Test Metadata","source":"80b615f4388e2358.txt","type":"text/plain","size":79}],"parameters":[],"shouldDisplayMessage":true,"stepsCount":0,"attachmentsCount":2,"hasContent":true,"attachmentStep":false},"afterStages":[],"labels":[{"name":"feature","value":"Demo Test Statuses"},{"name":"parentSuite","value":"tests"},{"name":"suite","value":"test_demo_statuses"},{"name":"subSuite","value":"TestDemoStatuses"},{"name":"host","value":"fv-az2246-978"},{"name":"thread","value":"2683-MainThread"},{"name":"framework","value":"pytest"},{"name":"language","value":"cpython3"},{"name":"package","value":"tests.test_demo_statuses"},{"name":"resultFormat","value":"allure2"}],"parameters":[],"links":[],"hidden":false,"retry":false,"extra":{"severity":"normal","retries":[],"categories":[{"name":"Product defects","matchedStatuses":[],"flaky":false}],"history":{"statistic":{"failed":8,"broken":0,"skipped":0,"passed":0,"unknown":0,"total":8},"items":[{"uid":"f085a8806f0475b1","status":"failed","statusDetails":"AssertionError: Deliberately failing test for demo purposes\nassert 200 == 500\n +  where 200 = <Response [200]>.status_code","time":{"start":1751670714198,"stop":1751670714202,"duration":4}},{"uid":"9abc4e2f74ab6980","status":"failed","statusDetails":"AssertionError: Deliberately failing test for demo purposes\nassert 200 == 500\n +  where 200 = <Response [200]>.status_code","time":{"start":1751670583234,"stop":1751670583238,"duration":4}},{"uid":"2d10b0b5792856c","status":"failed","statusDetails":"AssertionError: Deliberately failing test for demo purposes\nassert 200 == 500\n +  where 200 = <Response [200]>.status_code","time":{"start":1751670387102,"stop":1751670387107,"duration":5}},{"uid":"d408adda070ef3a","status":"failed","statusDetails":"AssertionError: Deliberately failing test for demo purposes\nassert 200 == 500\n +  where 200 = <Response [200]>.status_code","time":{"start":1751670266875,"stop":1751670266879,"duration":4}},{"uid":"1b1a306d9f2bf05a","status":"failed","statusDetails":"AssertionError: Deliberately failing test for demo purposes\nassert 200 == 500\n +  where 200 = <Response [200]>.status_code","time":{"start":1751329316757,"stop":1751329316761,"duration":4}},{"uid":"edee0e15fcb5dfbe","status":"failed","statusDetails":"AssertionError: Deliberately failing test for demo purposes\nassert 200 == 500\n +  where 200 = <Response [200]>.status_code","time":{"start":1751328658937,"stop":1751328658941,"duration":4}},{"uid":"fec2b899637b93a4","status":"failed","statusDetails":"AssertionError: Deliberately failing test for demo purposes\nassert 200 == 500\n +  where 200 = <Response [200]>.status_code","time":{"start":1750720523322,"stop":1750720523326,"duration":4}}]},"tags":[]},"source":"5718cc5175c1281c.json","parameterValues":[]}